<?xml version="1.0" encoding="UTF-8"?>
<!-- Generated by org.testng.reporters.JUnitReportReporter -->
<testsuite skipped="0" hostname="DESKTOP-VC8QI41" name="com.training.sanity.tests.SalesReturn" tests="1" failures="0" timestamp="04 Mar 2020 12:48:13 GMT" time="28.370" errors="0">
  <testcase name="validLoginTest" time="28.370" classname="com.training.sanity.tests.SalesReturn"/>
</testsuite> <!-- com.training.sanity.tests.SalesReturn -->
