<?xml version="1.0" encoding="UTF-8"?>
<!-- Generated by org.testng.reporters.JUnitReportReporter -->
<testsuite skipped="0" hostname="DESKTOP-VC8QI41" name="com.training.sanity.tests.DeleteCustomer" tests="1" failures="0" timestamp="04 Mar 2020 12:18:46 GMT" time="28.135" errors="0">
  <testcase name="vaLoginTest" time="28.135" classname="com.training.sanity.tests.DeleteCustomer"/>
</testsuite> <!-- com.training.sanity.tests.DeleteCustomer -->
