<?xml version="1.0" encoding="UTF-8"?>
<!-- Generated by org.testng.reporters.JUnitReportReporter -->
<testsuite skipped="0" hostname="DESKTOP-VC8QI41" name="com.training.sanity.tests.DeleteCustomer" tests="1" failures="0" timestamp="02 Mar 2020 19:03:24 GMT" time="27.565" errors="0">
  <testcase name="vaLoginTest" time="27.565" classname="com.training.sanity.tests.DeleteCustomer"/>
</testsuite> <!-- com.training.sanity.tests.DeleteCustomer -->
