<?xml version="1.0" encoding="UTF-8"?>
<!-- Generated by org.testng.reporters.JUnitReportReporter -->
<testsuite skipped="0" hostname="DESKTOP-VC8QI41" name="com.training.sanity.tests.DeleteProduct" tests="1" failures="0" timestamp="02 Mar 2020 21:27:09 GMT" time="35.001" errors="0">
  <testcase name="validLoginTest" time="35.001" classname="com.training.sanity.tests.DeleteProduct"/>
</testsuite> <!-- com.training.sanity.tests.DeleteProduct -->
