<?xml version="1.0" encoding="UTF-8"?>
<!-- Generated by org.testng.reporters.JUnitReportReporter -->
<testsuite skipped="0" hostname="DESKTOP-VC8QI41" name="com.training.sanity.tests.Customer" tests="1" failures="0" timestamp="02 Mar 2020 14:32:46 GMT" time="26.045" errors="0">
  <testcase name="vaLoginTest" time="26.045" classname="com.training.sanity.tests.Customer"/>
</testsuite> <!-- com.training.sanity.tests.Customer -->
