<?xml version="1.0" encoding="UTF-8"?>
<!-- Generated by org.testng.reporters.JUnitReportReporter -->
<testsuite skipped="0" hostname="DESKTOP-VC8QI41" name="com.training.sanity.tests.Customer" tests="1" failures="0" timestamp="04 Mar 2020 12:13:01 GMT" time="25.079" errors="0">
  <testcase name="vaLoginTest" time="25.079" classname="com.training.sanity.tests.Customer"/>
</testsuite> <!-- com.training.sanity.tests.Customer -->
