<?xml version="1.0" encoding="UTF-8"?>
<!-- Generated by org.testng.reporters.JUnitReportReporter -->
<testsuite skipped="0" hostname="DESKTOP-VC8QI41" name="com.training.sanity.tests.EditQuantityDetails" tests="1" failures="0" timestamp="02 Mar 2020 20:43:10 GMT" time="45.600" errors="0">
  <testcase name="validLoginTest" time="45.600" classname="com.training.sanity.tests.EditQuantityDetails"/>
</testsuite> <!-- com.training.sanity.tests.EditQuantityDetails -->
