<?xml version="1.0" encoding="UTF-8"?>
<!-- Generated by org.testng.reporters.JUnitReportReporter -->
<testsuite skipped="0" hostname="DESKTOP-VC8QI41" name="com.training.sanity.tests.EditQuantityDetails" tests="1" failures="0" timestamp="05 Mar 2020 06:18:48 GMT" time="49.780" errors="0">
  <testcase name="validLoginTest" time="49.780" classname="com.training.sanity.tests.EditQuantityDetails"/>
</testsuite> <!-- com.training.sanity.tests.EditQuantityDetails -->
